==============================================================================
Tests                                                                         
==============================================================================
Tests.Nested Suite                                                            
==============================================================================
Tests.Nested Suite.Twice Nested Suite                                         
==============================================================================
Tests.Nested Suite.Twice Nested Suite.SuiteD                                  
==============================================================================
Test Case 1                                                           | PASS |
------------------------------------------------------------------------------
Test Case 2                                                           | PASS |
------------------------------------------------------------------------------
Test Case 3                                                           | PASS |
------------------------------------------------------------------------------
Tests.Nested Suite.Twice Nested Suite.SuiteD                          | PASS |
3 tests, 3 passed, 0 failed
==============================================================================
Tests.Nested Suite.Twice Nested Suite                                 | PASS |
3 tests, 3 passed, 0 failed
==============================================================================
Tests.Nested Suite                                                    | PASS |
3 tests, 3 passed, 0 failed
==============================================================================
Tests                                                                 | PASS |
3 tests, 3 passed, 0 failed
==============================================================================
Output:  C:\dev\RobotTest\pabot_results\3\output.xml
