==============================================================================
Tests                                                                         
==============================================================================
Tests.Nested Suite                                                            
==============================================================================
Tests.Nested Suite.SuiteC                                                     
==============================================================================
Test Case 1 :: @TSCID1109: Verify login functionality                 | PASS |
------------------------------------------------------------------------------
Test Case 2                                                           | PASS |
------------------------------------------------------------------------------
Test Case 3                                                           | PASS |
------------------------------------------------------------------------------
Tests.Nested Suite.SuiteC                                             | PASS |
3 tests, 3 passed, 0 failed
==============================================================================
Tests.Nested Suite                                                    | PASS |
3 tests, 3 passed, 0 failed
==============================================================================
Tests                                                                 | PASS |
3 tests, 3 passed, 0 failed
==============================================================================
Output:  C:\dev\RobotTest\pabot_results\2\output.xml
